Determining if the pthread_create exist failed with the following output:
Change Dir: /home/tbf/projects/0425/test/ros/demo/catkin_academy/build/CMakeFiles/CMakeTmp

Run Build Command:"/usr/bin/make" "cmTC_9cfa2/fast"
/usr/bin/make -f CMakeFiles/cmTC_9cfa2.dir/build.make CMakeFiles/cmTC_9cfa2.dir/build
make[1]: Entering directory '/home/tbf/projects/0425/test/ros/demo/catkin_academy/build/CMakeFiles/CMakeTmp'
Building C object CMakeFiles/cmTC_9cfa2.dir/CheckSymbolExists.c.o
/usr/bin/cc     -o CMakeFiles/cmTC_9cfa2.dir/CheckSymbolExists.c.o   -c /home/tbf/projects/0425/test/ros/demo/catkin_academy/build/CMakeFiles/CMakeTmp/CheckSymbolExists.c
Linking C executable cmTC_9cfa2
/usr/bin/cmake -E cmake_link_script CMakeFiles/cmTC_9cfa2.dir/link.txt --verbose=1
/usr/bin/cc       CMakeFiles/cmTC_9cfa2.dir/CheckSymbolExists.c.o  -o cmTC_9cfa2 -rdynamic 
CMakeFiles/cmTC_9cfa2.dir/CheckSymbolExists.c.o：在函数‘main’中：
CheckSymbolExists.c:(.text+0x16)：对‘pthread_create’未定义的引用
collect2: error: ld returned 1 exit status
CMakeFiles/cmTC_9cfa2.dir/build.make:97: recipe for target 'cmTC_9cfa2' failed
make[1]: *** [cmTC_9cfa2] Error 1
make[1]: Leaving directory '/home/tbf/projects/0425/test/ros/demo/catkin_academy/build/CMakeFiles/CMakeTmp'
Makefile:126: recipe for target 'cmTC_9cfa2/fast' failed
make: *** [cmTC_9cfa2/fast] Error 2

File /home/tbf/projects/0425/test/ros/demo/catkin_academy/build/CMakeFiles/CMakeTmp/CheckSymbolExists.c:
/* */
#include <pthread.h>

int main(int argc, char** argv)
{
  (void)argv;
#ifndef pthread_create
  return ((int*)(&pthread_create))[argc];
#else
  (void)argc;
  return 0;
#endif
}

Determining if the function pthread_create exists in the pthreads failed with the following output:
Change Dir: /home/tbf/projects/0425/test/ros/demo/catkin_academy/build/CMakeFiles/CMakeTmp

Run Build Command:"/usr/bin/make" "cmTC_8ab9f/fast"
/usr/bin/make -f CMakeFiles/cmTC_8ab9f.dir/build.make CMakeFiles/cmTC_8ab9f.dir/build
make[1]: Entering directory '/home/tbf/projects/0425/test/ros/demo/catkin_academy/build/CMakeFiles/CMakeTmp'
Building C object CMakeFiles/cmTC_8ab9f.dir/CheckFunctionExists.c.o
/usr/bin/cc    -DCHECK_FUNCTION_EXISTS=pthread_create   -o CMakeFiles/cmTC_8ab9f.dir/CheckFunctionExists.c.o   -c /usr/share/cmake-3.5/Modules/CheckFunctionExists.c
Linking C executable cmTC_8ab9f
/usr/bin/cmake -E cmake_link_script CMakeFiles/cmTC_8ab9f.dir/link.txt --verbose=1
/usr/bin/cc   -DCHECK_FUNCTION_EXISTS=pthread_create    CMakeFiles/cmTC_8ab9f.dir/CheckFunctionExists.c.o  -o cmTC_8ab9f -rdynamic -lpthreads 
/usr/bin/ld: 找不到 -lpthreads
collect2: error: ld returned 1 exit status
CMakeFiles/cmTC_8ab9f.dir/build.make:97: recipe for target 'cmTC_8ab9f' failed
make[1]: *** [cmTC_8ab9f] Error 1
make[1]: Leaving directory '/home/tbf/projects/0425/test/ros/demo/catkin_academy/build/CMakeFiles/CMakeTmp'
Makefile:126: recipe for target 'cmTC_8ab9f/fast' failed
make: *** [cmTC_8ab9f/fast] Error 2


